<?xml version="1.0" encoding="UTF-8"?>
<testng-results ignored="0" total="1" passed="1" failed="0" skipped="0">
  <reporter-output>
  </reporter-output>
  <suite started-at="2026-02-19T12:42:31 IST" name="Default suite" finished-at="2026-02-19T12:42:39 IST" duration-ms="8288">
    <groups>
    </groups>
    <test started-at="2026-02-19T12:42:31 IST" name="Default test" finished-at="2026-02-19T12:42:39 IST" duration-ms="8288">
      <class name="demo.LocalCapabilities">
        <test-method signature="modernOptions()[pri:0, instance:demo.LocalCapabilities@34e9fd99]" started-at="2026-02-19T12:42:31 IST" name="modernOptions" finished-at="2026-02-19T12:42:39 IST" duration-ms="8257" status="PASS">
          <reporter-output>
          </reporter-output>
        </test-method> <!-- modernOptions -->
      </class> <!-- demo.LocalCapabilities -->
    </test> <!-- Default test -->
  </suite> <!-- Default suite -->
</testng-results>
